<?xml version="1.0" encoding="UTF-8"?>
<!-- Generated by org.testng.reporters.JUnitReportReporter -->
<testsuite skipped="0" hostname="LAPTOP-7QPC96OE" name="com.crm.uk.tatamotors.CampaignTest" tests="2" failures="0" timestamp="2022-07-13T18:07:06 IST" time="0.006" errors="0">
  <testcase name="contact" time="0.001" classname="com.crm.uk.tatamotors.CampaignTest"/>
  <system-out/>
  <testcase name="campaign" time="0.005" classname="com.crm.uk.tatamotors.CampaignTest"/>
  <system-out/>
</testsuite> <!-- com.crm.uk.tatamotors.CampaignTest -->
